04/Feb/2026:18:58:31 +0000 GET /api/salutations/hasard?langue=fr 200 2.412 ms
04/Feb/2026:18:58:47 +0000 GET /api/salutations/hasard?langue=fr 200 0.550 ms
04/Feb/2026:18:58:48 +0000 GET /api/salutations/hasard?langue=fr 200 0.498 ms
04/Feb/2026:19:21:36 +0000 POST /api/salutations 201 7.383 ms
04/Feb/2026:19:21:42 +0000 GET /api/salutations/liste 200 1.033 ms
04/Feb/2026:19:21:54 +0000 GET /api/salutations/hasard?langue=fr 200 2.164 ms
04/Feb/2026:19:21:55 +0000 GET /api/salutations/hasard?langue=fr 200 0.454 ms
04/Feb/2026:19:21:56 +0000 GET /api/salutations/hasard?langue=fr 200 0.510 ms
06/Feb/2026:16:29:29 +0000 GET /api/salutations/liste 200 146.068 ms
06/Feb/2026:16:30:55 +0000 POST /api/salutations 201 1.092 ms
06/Feb/2026:16:33:58 +0000 GET /api/salutations/liste 200 104.378 ms
06/Feb/2026:16:34:06 +0000 POST /api/salutations 201 1.281 ms
06/Feb/2026:16:36:34 +0000 POST /api/salutations 201 28.870 ms
06/Feb/2026:16:36:38 +0000 GET /api/salutations/liste 200 6.130 ms
06/Feb/2026:16:47:47 +0000 POST /api/salutations 201 36.727 ms
06/Feb/2026:16:47:51 +0000 GET /api/salutations/liste 200 6.390 ms
06/Feb/2026:16:51:10 +0000 GET /api/salutations/liste 200 93.288 ms
06/Feb/2026:16:53:20 +0000 GET /api/salutations/liste_pour_langue/fr 200 3.406 ms
06/Feb/2026:16:53:47 +0000 GET /api/salutations/liste_pour_langue/Fran%C3%A7ais 200 2.211 ms
06/Feb/2026:16:55:49 +0000 GET /api/salutations/liste_pour_langue/Fran%C3%A7ais 200 120.959 ms
06/Feb/2026:16:55:59 +0000 GET /api/salutations/liste 200 2.681 ms
06/Feb/2026:16:56:30 +0000 GET /api/salutations/liste_pour_langue/ 404 1.613 ms
06/Feb/2026:16:56:41 +0000 GET /api/salutations/liste_pour_langue/yu 200 1.956 ms
